  main.cpp
C:\Users\User\Proekt\Next-level\El_school\El_school\main.cpp(37,23): warning C4244: 'argument': conversion from 'time_t' to 'unsigned int', possible loss of data
C:\Users\User\Proekt\Next-level\El_school\El_school\main.cpp(55,23): warning C4244: 'argument': conversion from 'time_t' to 'unsigned int', possible loss of data
C:\Users\User\Proekt\Next-level\El_school\El_school\main.cpp(70,23): warning C4244: 'argument': conversion from 'time_t' to 'unsigned int', possible loss of data
C:\Users\User\Proekt\Next-level\El_school\El_school\main.cpp(90,23): warning C4244: 'argument': conversion from 'time_t' to 'unsigned int', possible loss of data
C:\Users\User\Proekt\Next-level\El_school\El_school\main.cpp(109,23): warning C4244: 'argument': conversion from 'time_t' to 'unsigned int', possible loss of data
C:\Users\User\Proekt\Next-level\El_school\El_school\main.cpp(124,23): warning C4244: 'argument': conversion from 'time_t' to 'unsigned int', possible loss of data
C:\Users\User\Proekt\Next-level\El_school\El_school\main.cpp(144,23): warning C4244: 'argument': conversion from 'time_t' to 'unsigned int', possible loss of data
C:\Users\User\Proekt\Next-level\El_school\El_school\main.cpp(161,23): warning C4244: 'argument': conversion from 'time_t' to 'unsigned int', possible loss of data
C:\Users\User\Proekt\Next-level\El_school\El_school\main.cpp(176,23): warning C4244: 'argument': conversion from 'time_t' to 'unsigned int', possible loss of data
C:\Users\User\Proekt\Next-level\El_school\El_school\main.cpp(197,23): warning C4244: 'argument': conversion from 'time_t' to 'unsigned int', possible loss of data
C:\Users\User\Proekt\Next-level\El_school\El_school\main.cpp(214,23): warning C4244: 'argument': conversion from 'time_t' to 'unsigned int', possible loss of data
C:\Users\User\Proekt\Next-level\El_school\El_school\main.cpp(229,23): warning C4244: 'argument': conversion from 'time_t' to 'unsigned int', possible loss of data
C:\Users\User\Proekt\Next-level\El_school\El_school\main.cpp(251,23): warning C4244: 'argument': conversion from 'time_t' to 'unsigned int', possible loss of data
C:\Users\User\Proekt\Next-level\El_school\El_school\main.cpp(268,23): warning C4244: 'argument': conversion from 'time_t' to 'unsigned int', possible loss of data
C:\Users\User\Proekt\Next-level\El_school\El_school\main.cpp(289,23): warning C4244: 'argument': conversion from 'time_t' to 'unsigned int', possible loss of data
C:\Users\User\Proekt\Next-level\El_school\El_school\main.cpp(311,23): warning C4244: 'argument': conversion from 'time_t' to 'unsigned int', possible loss of data
C:\Users\User\Proekt\Next-level\El_school\El_school\main.cpp(328,23): warning C4244: 'argument': conversion from 'time_t' to 'unsigned int', possible loss of data
C:\Users\User\Proekt\Next-level\El_school\El_school\main.cpp(349,23): warning C4244: 'argument': conversion from 'time_t' to 'unsigned int', possible loss of data
C:\Users\User\Proekt\Next-level\El_school\El_school\main.cpp(371,23): warning C4244: 'argument': conversion from 'time_t' to 'unsigned int', possible loss of data
C:\Users\User\Proekt\Next-level\El_school\El_school\main.cpp(388,23): warning C4244: 'argument': conversion from 'time_t' to 'unsigned int', possible loss of data
C:\Users\User\Proekt\Next-level\El_school\El_school\main.cpp(408,23): warning C4244: 'argument': conversion from 'time_t' to 'unsigned int', possible loss of data
C:\Users\User\Proekt\Next-level\El_school\El_school\main.cpp(430,23): warning C4244: 'argument': conversion from 'time_t' to 'unsigned int', possible loss of data
C:\Users\User\Proekt\Next-level\El_school\El_school\main.cpp(445,15): warning C4566: character represented by universal-character-name '\u2212' cannot be represented in the current code page (1251)
C:\Users\User\Proekt\Next-level\El_school\El_school\main.cpp(447,23): warning C4244: 'argument': conversion from 'time_t' to 'unsigned int', possible loss of data
C:\Users\User\Proekt\Next-level\El_school\El_school\main.cpp(468,23): warning C4244: 'argument': conversion from 'time_t' to 'unsigned int', possible loss of data
C:\Users\User\Proekt\Next-level\El_school\El_school\main.cpp(490,23): warning C4244: 'argument': conversion from 'time_t' to 'unsigned int', possible loss of data
C:\Users\User\Proekt\Next-level\El_school\El_school\main.cpp(501,15): warning C4566: character represented by universal-character-name '\u2212' cannot be represented in the current code page (1251)
C:\Users\User\Proekt\Next-level\El_school\El_school\main.cpp(503,15): warning C4566: character represented by universal-character-name '\u221A' cannot be represented in the current code page (1251)
C:\Users\User\Proekt\Next-level\El_school\El_school\main.cpp(504,15): warning C4566: character represented by universal-character-name '\u2212' cannot be represented in the current code page (1251)
C:\Users\User\Proekt\Next-level\El_school\El_school\main.cpp(507,23): warning C4244: 'argument': conversion from 'time_t' to 'unsigned int', possible loss of data
C:\Users\User\Proekt\Next-level\El_school\El_school\main.cpp(530,23): warning C4244: 'argument': conversion from 'time_t' to 'unsigned int', possible loss of data
C:\Users\User\Proekt\Next-level\El_school\El_school\main.cpp(554,23): warning C4244: 'argument': conversion from 'time_t' to 'unsigned int', possible loss of data
C:\Users\User\Proekt\Next-level\El_school\El_school\main.cpp(565,15): warning C4566: character represented by universal-character-name '\u2212' cannot be represented in the current code page (1251)
C:\Users\User\Proekt\Next-level\El_school\El_school\main.cpp(566,70): warning C4566: character represented by universal-character-name '\u03C0' cannot be represented in the current code page (1251)
C:\Users\User\Proekt\Next-level\El_school\El_school\main.cpp(571,23): warning C4244: 'argument': conversion from 'time_t' to 'unsigned int', possible loss of data
C:\Users\User\Proekt\Next-level\El_school\El_school\main.cpp(594,23): warning C4244: 'argument': conversion from 'time_t' to 'unsigned int', possible loss of data
C:\Users\User\Proekt\Next-level\El_school\El_school\main.cpp(618,23): warning C4244: 'argument': conversion from 'time_t' to 'unsigned int', possible loss of data
C:\Users\User\Proekt\Next-level\El_school\El_school\main.cpp(629,15): warning C4566: character represented by universal-character-name '\u2212' cannot be represented in the current code page (1251)
C:\Users\User\Proekt\Next-level\El_school\El_school\main.cpp(632,15): warning C4566: character represented by universal-character-name '\u2212' cannot be represented in the current code page (1251)
C:\Users\User\Proekt\Next-level\El_school\El_school\main.cpp(635,23): warning C4244: 'argument': conversion from 'time_t' to 'unsigned int', possible loss of data
C:\Users\User\Proekt\Next-level\El_school\El_school\main.cpp(658,23): warning C4244: 'argument': conversion from 'time_t' to 'unsigned int', possible loss of data
C:\Users\User\Proekt\Next-level\El_school\El_school\main.cpp(668,34): warning C4305: 'initializing': truncation from 'int' to 'bool'
  El_school.vcxproj -> C:\Users\User\Proekt\Next-level\El_school\x64\Debug\El_school.exe
